// Spring Shell 1.2.0.RELEASE log opened at 2016-07-12 15:42:23
// Spring Shell 1.2.0.RELEASE log opened at 2016-07-12 15:42:50
// Spring Shell 1.2.0.RELEASE log opened at 2016-07-12 15:43:07
// Spring Shell 1.2.0.RELEASE log opened at 2016-07-12 15:55:39
// Spring Shell 1.2.0.RELEASE log opened at 2016-07-12 15:57:01
// Spring Shell 1.2.0.RELEASE log opened at 2016-07-12 15:57:39
// Spring Shell 1.2.0.RELEASE log opened at 2016-07-12 15:58:27
// Spring Shell 1.2.0.RELEASE log opened at 2016-07-12 16:02:59
// Spring Shell 1.2.0.RELEASE log opened at 2016-07-12 16:03:59
// Spring Shell 1.2.0.RELEASE log opened at 2016-07-12 16:06:57
// Spring Shell 1.2.0.RELEASE log opened at 2016-07-12 16:06:59
// Spring Shell 1.2.0.RELEASE log opened at 2016-07-12 16:07:17
// Spring Shell 1.2.0.RELEASE log opened at 2016-07-12 16:07:17
// Spring Shell 1.2.0.RELEASE log opened at 2016-07-12 16:07:53
// Spring Shell 1.2.0.RELEASE log opened at 2016-07-12 16:08:09
// Spring Shell 1.2.0.RELEASE log opened at 2016-07-12 16:08:26
// Spring Shell 1.2.0.RELEASE log opened at 2016-07-12 16:09:52
// Spring Shell 1.2.0.RELEASE log opened at 2016-07-12 16:09:52
// Spring Shell 1.2.0.RELEASE log opened at 2016-07-12 16:11:39
// Spring Shell 1.2.0.RELEASE log opened at 2016-07-12 16:11:39
// Spring Shell 1.2.0.RELEASE log opened at 2016-07-12 16:15:59
// Spring Shell 1.2.0.RELEASE log opened at 2016-07-12 16:15:59
exit
// Spring Shell 1.2.0.RELEASE log closed at 2016-07-12 16:16:12
// null 1.2.0.RELEASE log opened at 2016-07-12 16:16:40
exit
// null 1.2.0.RELEASE log closed at 2016-07-12 16:17:11
// Spring Shell 1.2.0.RELEASE log opened at 2016-07-12 16:17:29
// Spring Shell 1.2.0.RELEASE log opened at 2016-07-12 16:17:29
// [failed] help
date
version
/
// [failed] help
exit
// Spring Shell 1.2.0.RELEASE log closed at 2016-07-12 16:18:38
// Spring Shell 1.2.0.RELEASE log opened at 2016-07-12 16:23:49
// Spring Shell 1.2.0.RELEASE log opened at 2016-07-12 16:23:49
exit
// Spring Shell 1.2.0.RELEASE log closed at 2016-07-12 16:24:01
// Spring Shell 1.2.0.RELEASE log opened at 2016-07-12 16:25:10
// Spring Shell 1.2.0.RELEASE log opened at 2016-07-12 16:25:10
echo
echo --message hello
// [failed] help
exit
// Spring Shell 1.2.0.RELEASE log closed at 2016-07-12 16:30:21
// Spring Shell 1.2.0.RELEASE log opened at 2016-07-12 16:30:42
// Spring Shell 1.2.0.RELEASE log opened at 2016-07-12 16:30:42
// Spring Shell 1.2.0.RELEASE log opened at 2016-07-12 17:15:59
// Spring Shell 1.2.0.RELEASE log opened at 2016-07-12 17:15:59
exit
// Spring Shell 1.2.0.RELEASE log closed at 2016-07-12 17:17:06
// Spring Shell 1.2.0.RELEASE log opened at 2016-07-12 17:17:34
// Spring Shell 1.2.0.RELEASE log opened at 2016-07-12 17:17:34
exit
// Spring Shell 1.2.0.RELEASE log closed at 2016-07-12 17:17:59
// Spring Shell 1.2.0.RELEASE log opened at 2016-07-12 17:18:13
// Spring Shell 1.2.0.RELEASE log opened at 2016-07-12 17:18:13
exit
// Spring Shell 1.2.0.RELEASE log closed at 2016-07-12 17:18:42
// Spring Shell 1.2.0.RELEASE log opened at 2016-07-12 17:18:57
// Spring Shell 1.2.0.RELEASE log opened at 2016-07-12 17:18:57
quote RMV.L
exit
// Spring Shell 1.2.0.RELEASE log closed at 2016-07-12 17:19:20
// Spring Shell 1.2.0.RELEASE log opened at 2016-07-12 17:19:38
// Spring Shell 1.2.0.RELEASE log opened at 2016-07-12 17:19:38
// [failed] quote RMV.L
exit
// Spring Shell 1.2.0.RELEASE log closed at 2016-07-12 17:24:31
// Spring Shell 1.2.0.RELEASE log opened at 2016-07-12 17:24:49
// Spring Shell 1.2.0.RELEASE log opened at 2016-07-12 17:24:49
exit
// Spring Shell 1.2.0.RELEASE log closed at 2016-07-12 17:25:11
// Spring Shell 1.2.0.RELEASE log opened at 2016-07-12 17:25:22
// Spring Shell 1.2.0.RELEASE log opened at 2016-07-12 17:25:22
// [failed] quote rmv.l
exit
// Spring Shell 1.2.0.RELEASE log closed at 2016-07-12 17:26:00
// Spring Shell 1.2.0.RELEASE log opened at 2016-07-12 17:26:19
// Spring Shell 1.2.0.RELEASE log opened at 2016-07-12 17:26:19
// [failed] quote rmv.l
// Spring Shell 1.2.0.RELEASE log opened at 2016-07-12 17:27:30
// Spring Shell 1.2.0.RELEASE log opened at 2016-07-12 17:27:30
// Spring Shell 1.2.0.RELEASE log opened at 2016-07-12 17:27:52
// Spring Shell 1.2.0.RELEASE log opened at 2016-07-12 17:27:52
// [failed] quote rmv.l
exit
// Spring Shell 1.2.0.RELEASE log closed at 2016-07-12 17:34:06
// Spring Shell 1.2.0.RELEASE log opened at 2016-07-12 17:34:29
// Spring Shell 1.2.0.RELEASE log opened at 2016-07-12 17:34:29
quote rmv.l
exit
// Spring Shell 1.2.0.RELEASE log closed at 2016-07-12 17:39:19
// Spring Shell 1.2.0.RELEASE log opened at 2016-07-12 17:45:38
// Spring Shell 1.2.0.RELEASE log opened at 2016-07-12 17:45:38
exit
// Spring Shell 1.2.0.RELEASE log closed at 2016-07-12 17:45:47
// null 1.2.0.RELEASE log opened at 2016-07-12 17:58:03
quote rmv.l
quote rmv.l
quote rmv.l
quote rmv.l
quote rmv.l
quote aapl
quote aapl
quote aapl
quote aapl
quote aapl
quote tsla
quote tsla
quote tsla
quote tsla
quote tsla
quote tsla
quote tsla
quote tsla
quote tsla
quote tsla
quote tsla
quote tsla
quote tsla
quote tsla
quote tsla
exit
// null 1.2.0.RELEASE log closed at 2016-07-12 18:15:15
// null 1.2.0.RELEASE log opened at 2016-07-12 18:15:43
quote rmv.l
quote rmv.l
exit
// null 1.2.0.RELEASE log closed at 2016-07-12 18:15:58
// null 1.2.0.RELEASE log opened at 2016-07-12 18:24:43
quote rmv.l
quote tsla
